<?xml version="1.0" encoding="UTF-8" ?>
<testsuite tests="3" failures="1" name="base.Person_Test" time="3.491" errors="0" skipped="0">
  <properties>
[...]
</properties>
  <testcase classname="base.Person_Test" name="GetPersonsTest" time="3.389"/>
  <testcase classname="base.Person_Test" name="GetPersonTest" time="0.031"/>
  <testcase classname="base.Person_Test" name="AddPersonTest" time="0.071">
    <failure type="java.lang.AssertionError">java.lang.AssertionError
	at org.junit.Assert.fail(Assert.java:86)
	at org.junit.Assert.assertTrue(Assert.java:41)
	at org.junit.Assert.assertNotNull(Assert.java:621)
	at org.junit.Assert.assertNotNull(Assert.java:631)
	at base.Person_Test.AddPersonTest(Person_Test.java:89)
	at sun.reflect.NativeMethodAccessorImpl.invoke0(Native Method)
	at sun.reflect.NativeMethodAccessorImpl.invoke(NativeMethodAccessorImpl.java:62)
	at sun.reflect.DelegatingMethodAccessorImpl.invoke(DelegatingMethodAccessorImpl.java:43)
	at java.lang.reflect.Method.invoke(Method.java:497)
	at org.junit.runners.model.FrameworkMethod$1.runReflectiveCall(FrameworkMethod.java:47)
	at org.junit.internal.runners.model.ReflectiveCallable.run(ReflectiveCallable.java:12)
	at org.junit.runners.model.FrameworkMethod.invokeExplosively(FrameworkMethod.java:44)
	at org.junit.internal.runners.statements.InvokeMethod.evaluate(InvokeMethod.java:17)
	at org.junit.internal.runners.statements.RunBefores.evaluate(RunBefores.java:26)
	at org.junit.internal.runners.statements.RunAfters.evaluate(RunAfters.java:27)
	at org.junit.runners.ParentRunner.runLeaf(ParentRunner.java:271)
	at org.junit.runners.BlockJUnit4ClassRunner.runChild(BlockJUnit4ClassRunner.java:70)
	at org.junit.runners.BlockJUnit4ClassRunner.runChild(BlockJUnit4ClassRunner.java:50)
	at org.junit.runners.ParentRunner$3.run(ParentRunner.java:238)
	at org.junit.runners.ParentRunner$1.schedule(ParentRunner.java:63)
	at org.junit.runners.ParentRunner.runChildren(ParentRunner.java:236)
	at org.junit.runners.ParentRunner.access$000(ParentRunner.java:53)
	at org.junit.runners.ParentRunner$2.evaluate(ParentRunner.java:229)
	at org.junit.internal.runners.statements.RunBefores.evaluate(RunBefores.java:26)
	at org.junit.internal.runners.statements.RunAfters.evaluate(RunAfters.java:27)
	at org.junit.runners.ParentRunner.run(ParentRunner.java:309)
	at org.apache.maven.surefire.junit4.JUnit4Provider.execute(JUnit4Provider.java:252)
	at org.apache.maven.surefire.junit4.JUnit4Provider.executeTestSet(JUnit4Provider.java:141)
	at org.apache.maven.surefire.junit4.JUnit4Provider.invoke(JUnit4Provider.java:112)
	at sun.reflect.NativeMethodAccessorImpl.invoke0(Native Method)
	at sun.reflect.NativeMethodAccessorImpl.invoke(NativeMethodAccessorImpl.java:62)
	at sun.reflect.DelegatingMethodAccessorImpl.invoke(DelegatingMethodAccessorImpl.java:43)
	at java.lang.reflect.Method.invoke(Method.java:497)
	at org.apache.maven.surefire.util.ReflectionUtils.invokeMethodWithArray(ReflectionUtils.java:189)
	at org.apache.maven.surefire.booter.ProviderFactory$ProviderProxy.invoke(ProviderFactory.java:165)
	at org.apache.maven.surefire.booter.ProviderFactory.invokeProvider(ProviderFactory.java:85)
	at org.apache.maven.surefire.booter.ForkedBooter.runSuitesInProcess(ForkedBooter.java:115)
	at org.apache.maven.surefire.booter.ForkedBooter.main(ForkedBooter.java:75)
</failure>
    <system-out>21:09:56.057 [main] DEBUG o.h.e.t.internal.TransactionImpl - begin
21:09:56.058 [main] DEBUG org.hibernate.SQL - 
    SELECT
        * 
    FROM
        per 
    WHERE
        PersonID = ?
Hibernate: 
    SELECT
        * 
    FROM
        per 
    WHERE
        PersonID = ?
21:09:56.058 [main] DEBUG org.hibernate.loader.Loader - bindNamedParameters() 65c6cbf3-2ac8-4f97-a715-ab87c0492208 -&gt; ID [1]
21:09:56.067 [main] DEBUG o.h.e.t.internal.TransactionImpl - begin
21:09:56.071 [main] DEBUG o.h.e.i.AbstractSaveEventListener - Generated identifier: 65c6cbf3-2ac8-4f97-a715-ab87c0492208, using strategy: org.hibernate.id.Assigned
21:09:56.074 [main] DEBUG o.h.e.t.internal.TransactionImpl - committing
21:09:56.074 [main] DEBUG o.h.e.i.AbstractFlushingEventListener - Processing flush-time cascades
21:09:56.074 [main] DEBUG o.h.e.i.AbstractFlushingEventListener - Dirty checking collections
21:09:56.074 [main] DEBUG o.h.e.i.AbstractFlushingEventListener - Flushed: 1 insertions, 0 updates, 0 deletions to 1 objects
21:09:56.074 [main] DEBUG o.h.e.i.AbstractFlushingEventListener - Flushed: 0 (re)creations, 0 updates, 0 removals to 0 collections
21:09:56.074 [main] DEBUG o.h.internal.util.EntityPrinter - Listing entities:
21:09:56.078 [main] DEBUG o.h.internal.util.EntityPrinter - domain.PersonDomainModel{PersonID=65c6cbf3-2ac8-4f97-a715-ab87c0492208, FirstName=Johnny, Street=Orchard Lane, PostalCode=50505, Birthday=Mon Apr 04 00:00:00 EDT 1994, LastName=Smith, City=Chicago}
21:09:56.085 [main] DEBUG org.hibernate.SQL - 
    insert 
    into
        HodgesB.per
        (FirstName, LastName, Street, PostalCode, City, Birthday, PersonID) 
    values
        (?, ?, ?, ?, ?, ?, ?)
Hibernate: 
    insert 
    into
        HodgesB.per
        (FirstName, LastName, Street, PostalCode, City, Birthday, PersonID) 
    values
        (?, ?, ?, ?, ?, ?, ?)
21:09:56.111 [main] DEBUG o.h.e.j.internal.JdbcCoordinatorImpl - HHH000420: Closing un-released batch
21:09:56.111 [main] DEBUG o.h.e.t.internal.TransactionImpl - begin
21:09:56.112 [main] DEBUG org.hibernate.SQL - 
    SELECT
        * 
    FROM
        per 
    WHERE
        PersonID = ?
Hibernate: 
    SELECT
        * 
    FROM
        per 
    WHERE
        PersonID = ?
21:09:56.112 [main] DEBUG org.hibernate.loader.Loader - bindNamedParameters() 65c6cbf3-2ac8-4f97-a715-ab87c0492208 -&gt; ID [1]
</system-out>
  </testcase>
</testsuite>